[    0.000000] Initializing cgroup subsys cpuset
[    0.000000] Initializing cgroup subsys cpu
[    0.000000] Initializing cgroup subsys cpuacct
[    0.000000] Linux version 4.4.0-101-generic (buildd@lcy01-amd64-006) (gcc version 5.4.0 20160609 (Ubuntu 5.4.0-6ubuntu1~16.04.5) ) #124-Ubuntu SMP Fri Nov 10 18:29:59 UTC 2017 (Ubuntu 4.4.0-101.124-generic 4.4.95)
[    0.000000] Command line: BOOT_IMAGE=/boot/vmlinuz-4.4.0-101-generic root=LABEL=cloudimg-rootfs ro console=tty1 console=ttyS0
[    0.000000] KERNEL supported cpus:
[    0.000000]   Intel GenuineIntel
[    0.000000]   AMD AuthenticAMD
[    0.000000]   Centaur CentaurHauls
[    0.000000] x86/fpu: xstate_offset[2]:  576, xstate_sizes[2]:  256
[    0.000000] x86/fpu: Supporting XSAVE feature 0x01: 'x87 floating point registers'
[    0.000000] x86/fpu: Supporting XSAVE feature 0x02: 'SSE registers'
[    0.000000] x86/fpu: Supporting XSAVE feature 0x04: 'AVX registers'
[    0.000000] x86/fpu: Enabled xstate features 0x7, context size is 832 bytes, using 'standard' format.
[    0.000000] x86/fpu: Using 'lazy' FPU context switches.
[    0.000000] e820: BIOS-provided physical RAM map:
[    0.000000] BIOS-e820: [mem 0x0000000000000000-0x000000000009fbff] usable
[    0.000000] BIOS-e820: [mem 0x000000000009fc00-0x000000000009ffff] reserved
[    0.000000] BIOS-e820: [mem 0x00000000000f0000-0x00000000000fffff] reserved
[    0.000000] BIOS-e820: [mem 0x0000000000100000-0x000000003ffeffff] usable
[    0.000000] BIOS-e820: [mem 0x000000003fff0000-0x000000003fffffff] ACPI data
[    0.000000] BIOS-e820: [mem 0x00000000fec00000-0x00000000fec00fff] reserved
[    0.000000] BIOS-e820: [mem 0x00000000fee00000-0x00000000fee00fff] reserved
[    0.000000] BIOS-e820: [mem 0x00000000fffc0000-0x00000000ffffffff] reserved
[    0.000000] NX (Execute Disable) protection: active
[    0.000000] SMBIOS 2.5 present.
[    0.000000] Hypervisor detected: KVM
[    0.000000] e820: last_pfn = 0x3fff0 max_arch_pfn = 0x400000000
[    0.000000] MTRR: Disabled
[    0.000000] x86/PAT: MTRRs disabled, skipping PAT initialization too.
[    0.000000] CPU MTRRs all blank - virtualized system.
[    0.000000] x86/PAT: Configuration [0-7]: WB  WT  UC- UC  WB  WT  UC- UC  
[    0.000000] found SMP MP-table at [mem 0x0009fff0-0x0009ffff] mapped at [ffff88000009fff0]
[    0.000000] Scanning 1 areas for low memory corruption
[    0.000000] RAMDISK: [mem 0x36abc000-0x37555fff]
[    0.000000] ACPI: Early table checksum verification disabled
[    0.000000] ACPI: RSDP 0x00000000000E0000 000024 (v02 VBOX  )
[    0.000000] ACPI: XSDT 0x000000003FFF0030 00003C (v01 VBOX   VBOXXSDT 00000001 ASL  00000061)
[    0.000000] ACPI: FACP 0x000000003FFF00F0 0000F4 (v04 VBOX   VBOXFACP 00000001 ASL  00000061)
[    0.000000] ACPI: DSDT 0x000000003FFF0470 0021C8 (v02 VBOX   VBOXBIOS 00000002 INTL 20100528)
[    0.000000] ACPI: FACS 0x000000003FFF0200 000040
[    0.000000] ACPI: FACS 0x000000003FFF0200 000040
[    0.000000] ACPI: APIC 0x000000003FFF0240 00005C (v02 VBOX   VBOXAPIC 00000001 ASL  00000061)
[    0.000000] ACPI: SSDT 0x000000003FFF02A0 0001CC (v01 VBOX   VBOXCPUT 00000002 INTL 20100528)
[    0.000000] No NUMA configuration found
[    0.000000] Faking a node at [mem 0x0000000000000000-0x000000003ffeffff]
[    0.000000] NODE_DATA(0) allocated [mem 0x3ffeb000-0x3ffeffff]
[    0.000000] kvm-clock: Using msrs 4b564d01 and 4b564d00
[    0.000000] kvm-clock: cpu 0, msr 0:3ffe3001, primary cpu clock
[    0.000000] kvm-clock: using sched offset of 2995149706 cycles
[    0.000000] clocksource: kvm-clock: mask: 0xffffffffffffffff max_cycles: 0x1cd42e4dffb, max_idle_ns: 881590591483 ns
[    0.000000] Zone ranges:
[    0.000000]   DMA      [mem 0x0000000000001000-0x0000000000ffffff]
[    0.000000]   DMA32    [mem 0x0000000001000000-0x000000003ffeffff]
[    0.000000]   Normal   empty
[    0.000000]   Device   empty
[    0.000000] Movable zone start for each node
[    0.000000] Early memory node ranges
[    0.000000]   node   0: [mem 0x0000000000001000-0x000000000009efff]
[    0.000000]   node   0: [mem 0x0000000000100000-0x000000003ffeffff]
[    0.000000] Initmem setup node 0 [mem 0x0000000000001000-0x000000003ffeffff]
[    0.000000] ACPI: PM-Timer IO Port: 0x4008
[    0.000000] IOAPIC[0]: apic_id 2, version 32, address 0xfec00000, GSI 0-23
[    0.000000] ACPI: INT_SRC_OVR (bus 0 bus_irq 0 global_irq 2 dfl dfl)
[    0.000000] ACPI: INT_SRC_OVR (bus 0 bus_irq 9 global_irq 9 high level)
[    0.000000] Using ACPI (MADT) for SMP configuration information
[    0.000000] smpboot: Allowing 2 CPUs, 0 hotplug CPUs
[    0.000000] PM: Registered nosave memory: [mem 0x00000000-0x00000fff]
[    0.000000] PM: Registered nosave memory: [mem 0x0009f000-0x0009ffff]
[    0.000000] PM: Registered nosave memory: [mem 0x000a0000-0x000effff]
[    0.000000] PM: Registered nosave memory: [mem 0x000f0000-0x000fffff]
[    0.000000] e820: [mem 0x40000000-0xfebfffff] available for PCI devices
[    0.000000] Booting paravirtualized kernel on KVM
[    0.000000] clocksource: refined-jiffies: mask: 0xffffffff max_cycles: 0xffffffff, max_idle_ns: 7645519600211568 ns
[    0.000000] setup_percpu: NR_CPUS:512 nr_cpumask_bits:512 nr_cpu_ids:2 nr_node_ids:1
[    0.000000] PERCPU: Embedded 34 pages/cpu @ffff88003fc00000 s98328 r8192 d32744 u1048576
[    0.000000] PV qspinlock hash table entries: 256 (order: 0, 4096 bytes)
[    0.000000] Built 1 zonelists in Node order, mobility grouping on.  Total pages: 257913
[    0.000000] Policy zone: DMA32
[    0.000000] Kernel command line: BOOT_IMAGE=/boot/vmlinuz-4.4.0-101-generic root=LABEL=cloudimg-rootfs ro console=tty1 console=ttyS0
[    0.000000] PID hash table entries: 4096 (order: 3, 32768 bytes)
[    0.000000] Memory: 1001708K/1048120K available (8484K kernel code, 1294K rwdata, 3988K rodata, 1492K init, 1316K bss, 46412K reserved, 0K cma-reserved)
[    0.000000] SLUB: HWalign=64, Order=0-3, MinObjects=0, CPUs=2, Nodes=1
[    0.000000] Hierarchical RCU implementation.
[    0.000000] 	Build-time adjustment of leaf fanout to 64.
[    0.000000] 	RCU restricting CPUs from NR_CPUS=512 to nr_cpu_ids=2.
[    0.000000] RCU: Adjusting geometry for rcu_fanout_leaf=64, nr_cpu_ids=2
[    0.000000] NR_IRQS:33024 nr_irqs:440 16
[    0.000000] Console: colour VGA+ 80x25
[    0.000000] console [tty1] enabled
[    0.000000] console [ttyS0] enabled
[    0.000000] tsc: Detected 2494.236 MHz processor
[    6.632186] Calibrating delay loop (skipped) preset value.. 4988.47 BogoMIPS (lpj=9976944)
[    6.653719] pid_max: default: 32768 minimum: 301
[    6.654453] ACPI: Core revision 20150930
[    6.709944] ACPI: 2 ACPI AML tables successfully acquired and loaded
[    6.825108] Security Framework initialized
[    6.943321] Yama: becoming mindful.
[    7.039880] AppArmor: AppArmor initialized
[    7.163549] Dentry cache hash table entries: 131072 (order: 8, 1048576 bytes)
[    7.361291] Inode-cache hash table entries: 65536 (order: 7, 524288 bytes)
[    7.577520] Mount-cache hash table entries: 2048 (order: 2, 16384 bytes)
[    7.761103] Mountpoint-cache hash table entries: 2048 (order: 2, 16384 bytes)
[    7.956780] Initializing cgroup subsys io
[    8.079230] Initializing cgroup subsys memory
[    8.212333] Initializing cgroup subsys devices
[    8.273035] Initializing cgroup subsys freezer
[    8.406444] Initializing cgroup subsys net_cls
[    8.535035] Initializing cgroup subsys perf_event
[    8.672645] Initializing cgroup subsys net_prio
[    8.806719] Initializing cgroup subsys hugetlb
[    8.932838] Initializing cgroup subsys pids
[    9.045976] CPU: Physical Processor ID: 0
[    9.172024] CPU: Processor Core ID: 0
[    9.279469] mce: CPU supports 0 MCE banks
[    9.399713] Last level iTLB entries: 4KB 1024, 2MB 1024, 4MB 1024
[    9.579374] Last level dTLB entries: 4KB 1024, 2MB 1024, 4MB 1024, 1GB 4
[    9.751415] Freeing SMP alternatives memory: 32K
[    9.872893] ftrace: allocating 32156 entries in 126 pages
[   10.067849] smpboot: APIC(0) Converting physical 0 to logical package 0
[   10.265448] smpboot: Max logical packages: 1
[   10.392775] x2apic enabled
[   10.478749] Switched APIC routing to physical x2apic.
[   10.634183] ..TIMER: vector=0x30 apic1=0 pin1=2 apic2=-1 pin2=-1
[   10.939634] smpboot: CPU0: Intel(R) Core(TM) i7-4710HQ CPU @ 2.50GHz (family: 0x6, model: 0x3c, stepping: 0x3)
[   11.231151] Performance Events: unsupported p6 CPU model 60 no PMU driver, software events only.
[   11.500065] KVM setup paravirtual spinlock
[   11.618471] x86: Booting SMP configuration:
[   11.756047] .... node  #0, CPUs:      #1
[   11.873526] kvm-clock: cpu 1, msr 0:3ffe3041, secondary cpu clock
[   11.958989] mce: CPU supports 0 MCE banks
[   12.016471] x86: Booted up 1 node, 2 CPUs
[   12.103999] smpboot: Total of 2 processors activated (9976.94 BogoMIPS)
[   12.265373] devtmpfs: initialized
[   12.359117] evm: security.selinux
[   12.454566] evm: security.SMACK64
[   12.552648] evm: security.SMACK64EXEC
[   12.648232] evm: security.SMACK64TRANSMUTE
[   12.775303] evm: security.SMACK64MMAP
[   12.879417] evm: security.ima
[   12.899220] evm: security.capability
[   12.950378] clocksource: jiffies: mask: 0xffffffff max_cycles: 0xffffffff, max_idle_ns: 7645041785100000 ns
[   12.966810] futex hash table entries: 512 (order: 3, 32768 bytes)
[   12.967849] pinctrl core: initialized pinctrl subsystem
[   13.082751] RTC time: 16:00:11, date: 12/21/17
[   13.237019] NET: Registered protocol family 16
[   13.372167] cpuidle: using governor ladder
[   13.448215] cpuidle: using governor menu
[   13.582350] PCCT header not found.
[   13.672390] ACPI: bus type PCI registered
[   13.794406] acpiphp: ACPI Hot Plug PCI Controller Driver version: 0.5
[   13.997272] PCI: Using configuration type 1 for base access
[   14.160163] ACPI: Added _OSI(Module Device)
[   14.284813] ACPI: Added _OSI(Processor Device)
[   14.423045] ACPI: Added _OSI(3.0 _SCP Extensions)
[   14.448016] ACPI: Added _OSI(Processor Aggregator Device)
[   14.454317] ACPI: Executed 1 blocks of module-level executable AML code
[   14.607320] ACPI: Interpreter enabled
[   14.719438] ACPI: (supports S0 S5)
[   14.817599] ACPI: Using IOAPIC for interrupt routing
[   14.978396] PCI: Using host bridge windows from ACPI; if necessary, use "pci=nocrs" and report a bug
[   15.135470] ACPI: PCI Root Bridge [PCI0] (domain 0000 [bus 00-ff])
[   15.270585] acpi PNP0A03:00: _OSC: OS supports [ASPM ClockPM Segments MSI]
[   15.306035] acpi PNP0A03:00: _OSC failed (AE_NOT_FOUND); disabling ASPM
[   15.306990] acpi PNP0A03:00: fail to add MMCONFIG information, can't access extended PCI configuration space under this bridge.
[   15.308882] PCI host bridge to bus 0000:00
[   15.309630] pci_bus 0000:00: root bus resource [io  0x0000-0x0cf7 window]
[   15.310570] pci_bus 0000:00: root bus resource [io  0x0d00-0xffff window]
[   15.311521] pci_bus 0000:00: root bus resource [mem 0x000a0000-0x000bffff window]
[   15.312779] pci_bus 0000:00: root bus resource [mem 0x40000000-0xffdfffff window]
[   15.391779] pci_bus 0000:00: root bus resource [bus 00-ff]
[   15.540624] pci 0000:00:01.1: legacy IDE quirk: reg 0x10: [io  0x01f0-0x01f7]
[   15.747266] pci 0000:00:01.1: legacy IDE quirk: reg 0x14: [io  0x03f6]
[   15.861955] pci 0000:00:01.1: legacy IDE quirk: reg 0x18: [io  0x0170-0x0177]
[   16.057971] pci 0000:00:01.1: legacy IDE quirk: reg 0x1c: [io  0x0376]
[   16.220168] pci 0000:00:07.0: quirk: [io  0x4000-0x403f] claimed by PIIX4 ACPI
[   16.403339] pci 0000:00:07.0: quirk: [io  0x4100-0x410f] claimed by PIIX4 SMB
[   16.635072] ACPI: PCI Interrupt Link [LNKA] (IRQs 5 9 10 *11)
[   16.776799] ACPI: PCI Interrupt Link [LNKB] (IRQs 5 9 10 *11)
[   16.926014] ACPI: PCI Interrupt Link [LNKC] (IRQs 5 9 *10 11)
[   17.054689] ACPI: PCI Interrupt Link [LNKD] (IRQs 5 *9 10 11)
[   17.209795] ACPI: Enabled 2 GPEs in block 00 to 07
[   17.309958] vgaarb: setting as boot device: PCI:0000:00:02.0
[   17.420330] vgaarb: device added: PCI:0000:00:02.0,decodes=io+mem,owns=io+mem,locks=none
[   17.661403] vgaarb: loaded
[   17.740143] vgaarb: bridge control possible 0000:00:02.0
[   17.900621] SCSI subsystem initialized
[   18.008526] ACPI: bus type USB registered
[   18.049451] usbcore: registered new interface driver usbfs
[   18.183018] usbcore: registered new interface driver hub
[   18.200472] usbcore: registered new device driver usb
[   18.299494] PCI: Using ACPI for IRQ routing
[   18.404935] NetLabel: Initializing
[   18.455325] NetLabel:  domain hash size = 128
[   18.580349] NetLabel:  protocols = UNLABELED CIPSOv4
[   18.725974] NetLabel:  unlabeled traffic allowed by default
[   18.892365] amd_nb: Cannot enumerate AMD northbridges
[   19.034910] clocksource: Switched to clocksource kvm-clock
[   19.179305] AppArmor: AppArmor Filesystem Enabled
[   19.319081] pnp: PnP ACPI init
[   19.421255] pnp: PnP ACPI: found 3 devices
[   19.519345] clocksource: acpi_pm: mask: 0xffffff max_cycles: 0xffffff, max_idle_ns: 2085701024 ns
[   19.605858] NET: Registered protocol family 2
[   19.639416] TCP established hash table entries: 8192 (order: 4, 65536 bytes)
[   19.640416] TCP bind hash table entries: 8192 (order: 5, 131072 bytes)
[   19.775965] TCP: Hash tables configured (established 8192 bind 8192)
[   19.805259] UDP hash table entries: 512 (order: 2, 16384 bytes)
[   19.853625] UDP-Lite hash table entries: 512 (order: 2, 16384 bytes)
[   19.962420] NET: Registered protocol family 1
[   20.098923] pci 0000:00:00.0: Limiting direct PCI/PCI transfers
[   20.271594] pci 0000:00:01.0: Activating ISA DMA hang workarounds
[   20.401630] Unpacking initramfs...
[   22.031555] Freeing initrd memory: 10856K
[   22.038067] RAPL PMU detected, API unit is 2^-32 Joules, 4 fixed counters 10737418240 ms ovfl timer
[   22.220113] hw unit of domain pp0-core 2^-0 Joules
[   22.358489] hw unit of domain package 2^-0 Joules
[   22.483212] hw unit of domain dram 2^-0 Joules
[   22.483908] hw unit of domain pp1-gpu 2^-0 Joules
[   22.484708] platform rtc_cmos: registered platform RTC device (no PNP device found)
[   22.485930] Scanning for low memory corruption every 60 seconds
[   22.488931] audit: initializing netlink subsys (disabled)
[   22.495367] audit: type=2000 audit(1513872006.591:1): initialized
[   22.496501] Initialise system trusted keyring
[   22.497386] HugeTLB registered 2 MB page size, pre-allocated 0 pages
[   22.501312] zbud: loaded
[   22.519624] VFS: Disk quotas dquot_6.6.0
[   22.520302] VFS: Dquot-cache hash table entries: 512 (order 0, 4096 bytes)
[   22.521459] squashfs: version 4.0 (2009/01/31) Phillip Lougher
[   22.619706] fuse init (API version 7.23)
[   22.645229] Key type big_key registered
[   22.679260] Allocating IMA MOK and blacklist keyrings.
[   22.784765] Key type asymmetric registered
[   22.889967] Asymmetric key parser 'x509' registered
[   23.024455] Block layer SCSI generic (bsg) driver version 0.4 loaded (major 249)
[   23.025713] io scheduler noop registered
[   23.151549] io scheduler deadline registered (default)
[   23.275201] io scheduler cfq registered
[   23.375434] pci_hotplug: PCI Hot Plug PCI Core version: 0.5
[   23.536367] tsc: Refined TSC clocksource calibration: 2494.126 MHz
[   23.684009] clocksource: tsc: mask: 0xffffffffffffffff max_cycles: 0x23f38cdcb02, max_idle_ns: 440795203453 ns
[   23.684093] pciehp: PCI Express Hot Plug Controller Driver version: 0.4
[   23.684236] ACPI: AC Adapter [AC] (on-line)
[   23.684277] input: Power Button as /devices/LNXSYSTM:00/LNXPWRBN:00/input/input0
[   23.684279] ACPI: Power Button [PWRF]
[   23.684330] input: Sleep Button as /devices/LNXSYSTM:00/LNXSLPBN:00/input/input1
[   23.684331] ACPI: Sleep Button [SLPF]
[   23.684455] GHES: HEST is not enabled!
[   23.805437] ACPI: Battery Slot [BAT0] (battery present)
[   23.805516] Serial: 8250/16550 driver, 32 ports, IRQ sharing enabled
[   24.005683] 00:02: ttyS0 at I/O 0x3f8 (irq = 4, base_baud = 115200) is a 16550A
[   24.122992] Linux agpgart interface v0.103
[   24.189183] loop: module loaded
[   24.189617] scsi host0: ata_piix
[   24.189660] scsi host1: ata_piix
[   24.189684] ata1: PATA max UDMA/33 cmd 0x1f0 ctl 0x3f6 bmdma 0xd000 irq 14
[   24.189685] ata2: PATA max UDMA/33 cmd 0x170 ctl 0x376 bmdma 0xd008 irq 15
[   24.189743] libphy: Fixed MDIO Bus: probed
[   24.189745] tun: Universal TUN/TAP device driver, 1.6
[   24.189746] tun: (C) 1999-2004 Max Krasnyansky <maxk@qualcomm.com>
[   24.190013] PPP generic driver version 2.4.2
[   24.190057] ehci_hcd: USB 2.0 'Enhanced' Host Controller (EHCI) Driver
[   24.190060] ehci-pci: EHCI PCI platform driver
[   24.190067] ehci-platform: EHCI generic platform driver
[   24.190073] ohci_hcd: USB 1.1 'Open' Host Controller (OHCI) Driver
[   24.190076] ohci-pci: OHCI PCI platform driver
[   24.190083] ohci-platform: OHCI generic platform driver
[   24.190089] uhci_hcd: USB Universal Host Controller Interface driver
[   24.190130] i8042: PNP: PS/2 Controller [PNP0303:PS2K,PNP0f03:PS2M] at 0x60,0x64 irq 1,12
[   24.190555] serio: i8042 KBD port at 0x60,0x64 irq 1
[   24.190557] serio: i8042 AUX port at 0x60,0x64 irq 12
[   24.190633] mousedev: PS/2 mouse device common for all mice
[   24.190858] input: AT Translated Set 2 keyboard as /devices/platform/i8042/serio0/input/input2
[   24.191128] rtc_cmos rtc_cmos: rtc core: registered rtc_cmos as rtc0
[   24.191174] rtc_cmos rtc_cmos: alarms up to one day, 114 bytes nvram
[   24.191178] i2c /dev entries driver
[   24.191213] device-mapper: uevent: version 1.0.3
[   24.191252] device-mapper: ioctl: 4.34.0-ioctl (2015-10-28) initialised: dm-devel@redhat.com
[   24.191263] ledtrig-cpu: registered to indicate activity on CPUs
[   24.191660] NET: Registered protocol family 10
[   24.191758] NET: Registered protocol family 17
[   24.191765] Key type dns_resolver registered
[   24.191859] microcode: CPU0 sig=0x306c3, pf=0x40, revision=0x0
[   24.192343] microcode: CPU1 sig=0x306c3, pf=0x40, revision=0x0
[   24.192363] microcode: Microcode Update Driver: v2.01 <tigran@aivazian.fsnet.co.uk>, Peter Oruba
[   24.192446] registered taskstats version 1
[   24.192469] Loading compiled-in X.509 certificates
[   24.193035] Loaded X.509 cert 'Build time autogenerated kernel key: f91c6829a34a801956ec6287af569c0a1f1f8d39'
[   24.193047] zswap: loaded using pool lzo/zbud
[   24.194055] Key type trusted registered
[   24.195719] Key type encrypted registered
[   24.195723] AppArmor: AppArmor sha1 policy hashing enabled
[   24.195725] ima: No TPM chip found, activating TPM-bypass!
[   24.195739] evm: HMAC attrs: 0x1
[   24.195925]   Magic number: 13:274:35
[   24.195929] bdi 7:0: hash matches
[   24.270374] rtc_cmos rtc_cmos: setting system clock to 2017-12-21 16:00:22 UTC (1513872022)
[   24.270484] BIOS EDD facility v0.16 2004-Jun-25, 0 devices found
[   24.270484] EDD information not available.
[   26.593869] Freeing unused kernel memory: 1492K
[   26.682692] Write protecting the kernel read-only data: 14336k
[   26.830779] Freeing unused kernel memory: 1744K
[   26.883746] Freeing unused kernel memory: 108K
Loading, please wait...
starting version[   27.008327] random: systemd-udevd: uninitialized urandom read (16 bytes read, 4 bits of entropy available)
 229
[   27.008673] random: udevadm: uninitialized urandom read (16 bytes read, 4 bits of entropy available)
[   27.008685] random: udevadm: uninitialized urandom read (16 bytes read, 4 bits of entropy available)
[   27.013448] random: udevadm: uninitialized urandom read (16 bytes read, 4 bits of entropy available)
[   27.013492] random: udevadm: uninitialized urandom read (16 bytes read, 4 bits of entropy available)
[   27.013577] random: udevadm: uninitialized urandom read (16 bytes read, 4 bits of entropy available)
[   27.013607] random: udevadm: uninitialized urandom read (16 bytes read, 4 bits of entropy available)
[   27.013638] random: udevadm: uninitialized urandom read (16 bytes read, 4 bits of entropy available)
[   27.013667] random: udevadm: uninitialized urandom read (16 bytes read, 4 bits of entropy available)
[   27.013695] random: udevadm: uninitialized urandom read (16 bytes read, 4 bits of entropy available)
[   27.357211] e1000: Intel(R) PRO/1000 Network Driver - version 7.3.21-k8-NAPI
[   27.502116] e1000: Copyright (c) 1999-2006 Intel Corporation.
[   27.516150] Fusion MPT base driver 3.04.20
[   27.522876] Copyright (c) 1999-2008 LSI Corporation
[   27.537137] AVX version of gcm_enc/dec engaged.
[   27.562633] AES CTR mode by8 optimization enabled
[   27.592880] Fusion MPT SPI Host driver 3.04.20
[   27.727589] input: ImExPS/2 Generic Explorer Mouse as /devices/platform/i8042/serio1/input/input4
[   27.994973] e1000 0000:00:03.0 eth0: (PCI:33MHz:32-bit) 02:44:03:e3:22:ab
[   27.998794] e1000 0000:00:03.0 eth0: Intel(R) PRO/1000 Network Connection
[   28.000561] mptbase: ioc0: Initiating bringup
[   28.000976] e1000 0000:00:03.0 enp0s3: renamed from eth0
[   28.199706] ioc0: LSI53C1030 A0: Capabilities={Initiator}
[   28.395453] scsi host2: ioc0: LSI53C1030 A0, FwRev=00000000h, Ports=1, MaxQ=256, IRQ=20
[   28.603776] scsi 2:0:0:0: Direct-Access     VBOX     HARDDISK         1.0  PQ: 0 ANSI: 5
[   28.863733] scsi target2:0:0: Beginning Domain Validation
[   29.012965] scsi target2:0:0: Domain Validation skipping write tests
[   29.137233] scsi target2:0:0: Ending Domain Validation
[   29.221345] scsi target2:0:0: asynchronous
[   29.256723] scsi 2:0:1:0: Direct-Access     VBOX     HARDDISK         1.0  PQ: 0 ANSI: 5
[   29.497304] scsi target2:0:1: Beginning Domain Validation
[   29.664101] scsi target2:0:1: Domain Validation skipping write tests
[   29.863331] scsi target2:0:1: Ending Domain Validation
[   29.979886] scsi target2:0:1: asynchronous
[   30.031070] sd 2:0:0:0: [sda] 20971520 512-byte logical blocks: (10.7 GB/10.0 GiB)
[   30.087758] sd 2:0:0:0: Attached scsi generic sg0 type 0
[   30.088014] sd 2:0:0:0: [sda] Write Protect is off
[   30.088116] sd 2:0:0:0: [sda] Incomplete mode parameter data
[   30.088117] sd 2:0:0:0: [sda] Assuming drive cache: write through
[   30.088948]  sda: sda1
[   30.089480] sd 2:0:0:0: [sda] Attached SCSI disk
[   30.133236] sd 2:0:1:0: Attached scsi generic sg1 type 0
[   30.133364] sd 2:0:1:0: [sdb] 20480 512-byte logical blocks: (10.5 MB/10.0 MiB)
[   30.133502] sd 2:0:1:0: [sdb] Write Protect is off
[   30.133624] sd 2:0:1:0: [sdb] Incomplete mode parameter data
[   30.133625] sd 2:0:1:0: [sdb] Assuming drive cache: write through
[   30.135444] sd 2:0:1:0: [sdb] Attached SCSI disk
[   30.615034] floppy0: no floppy controllers found
[   30.755289] work still pending
Begin: Loading e[   32.135799] md: linear personality registered for level -1
ssential drivers[   32.301090] md: multipath personality registered for level -4
 ... [   32.513792] md: raid0 personality registered for level 0
[   32.581785] md: raid1 personality registered for level 1
[   32.727090] raid6: sse2x1   gen() 10155 MB/s
[   32.843170] raid6: sse2x1   xor()  7793 MB/s
[   32.987384] raid6: sse2x2   gen() 12848 MB/s
[   33.122972] raid6: sse2x2   xor()  8463 MB/s
[   33.259062] raid6: sse2x4   gen() 14368 MB/s
[   33.391175] raid6: sse2x4   xor() 10122 MB/s
[   33.453060] raid6: using algorithm sse2x4 gen() 14368 MB/s
[   33.514719] raid6: .... xor() 10122 MB/s, rmw enabled
[   33.515532] raid6: using ssse3x2 recovery algorithm
[   33.517481] xor: automatically using best checksumming function:
[   33.555328]    avx       : 22204.000 MB/sec
[   33.662874] async_tx: api initialized (async)
[   33.787687] md: raid6 personality registered for level 6
[   33.925452] md: raid5 personality registered for level 5
[   34.085574] md: raid4 personality registered for level 4
[   34.244413] md: raid10 personality registered for level 10
done.
Begin: Running /scripts/init-pre[   34.337667] Btrfs loaded
mount ... done.
Begin: Mounting root file system ... Begin: Running /scripts/local-top ... done.
Begin: Running /scripts/local-premount ... Scanning for Btrfs filesystems
done.
Warning: fsck not present, so sk[   34.449181] EXT4-fs (sda1): mounted filesystem with ordered data mode. Opts: (null)
ipping root file system
done.
Begin: Running /scripts/local-bottom ... done.
Begin: Running /scripts/init-bottom ... done.
[   34.797849] systemd[1]: systemd 229 running in system mode. (+PAM +AUDIT +SELINUX +IMA +APPARMOR +SMACK +SYSVINIT +UTMP +LIBCRYPTSETUP +GCRYPT +GNUTLS +ACL +XZ -LZ4 +SECCOMP +BLKID +ELFUTILS +KMOD -IDN)
[   35.317939] systemd[1]: Detected virtualization oracle.
[   35.418348] systemd[1]: Detected architecture x86-64.

Welcome to [1mUbuntu 16.04.3 LTS[0m!

[   35.600622] systemd[1]: Set hostname to <ubuntu>.
[   35.751946] systemd[1]: Initializing machine ID from random generator.
[   35.945337] systemd[1]: Installed transient /etc/machine-id file.
[   36.228827] systemd[1]: Reached target Swap.
[[0;32m  OK  [0m] Reached target Swap.
[   36.245688] systemd[1]: Listening on Journal Audit Socket.
[[0;32m  OK  [0m] Listening on Journal Audit Socket.
[   36.247581] systemd[1]: Listening on LVM2 metadata daemon socket.
[[0;32m  OK  [0m] Listening on LVM2 metadata daemon socket.
[   36.249640] systemd[1]: Listening on udev Control Socket.
[[0;32m  OK  [0m] Listening on udev Control Socket.
[   36.251552] systemd[1]: Listening on Device-mapper event daemon FIFOs.
[[0;32m  OK  [0m] Listening on Device-mapper event daemon FIFOs.
[   36.267442] systemd[1]: Created slice User and Session Slice.
[[0;32m  OK  [0m] Created slice User and Session Slice.
[   36.511828] systemd[1]: Listening on /dev/initctl Compatibility Named Pipe.
[[0;32m  OK  [0m] Listening on /dev/initctl Compatibility Named Pipe.
[   36.783947] systemd[1]: Listening on Journal Socket (/dev/log).
[[0;32m  OK  [0m] Listening on Journal Socket (/dev/log).
[   37.023254] systemd[1]: Started Trigger resolvconf update for networkd DNS.
[[0;32m  OK  [0m] Started Trigger resolvconf update for networkd DNS.
[   37.311799] systemd[1]: Listening on udev Kernel Socket.
[[0;32m  OK  [0m] Listening on udev Kernel Socket.
[   37.457875] systemd[1]: Started Forward Password Requests to Wall Directory Watch.
[[0;32m  OK  [0m] Started Forward Password Requests to Wall Directory Watch.
[   37.516040] systemd[1]: Listening on LVM2 poll daemon socket.
[[0;32m  OK  [0m] Listening on LVM2 poll daemon socket.
[   37.517905] systemd[1]: Reached target Encrypted Volumes.
[[0;32m  OK  [0m] Reached target Encrypted Volumes.
[   37.534541] systemd[1]: Created slice System Slice.
[[0;32m  OK  [0m] Created slice System Slice.
[   37.536296] systemd[1]: Reached target Slices.
[[0;32m  OK  [0m] Reached target Slices.
[   37.552804] systemd[1]: Created slice system-serial\x2dgetty.slice.
[[0;32m  OK  [0m] Created slice system-serial\x2dgetty.slice.
[   37.561024] systemd[1]: Listening on Journal Socket.
[[0;32m  OK  [0m] Listening on Journal Socket.
[   37.583294] systemd[1]: Starting Nameserver information manager...
         Starting Nameserver information manager...
[   37.843670] systemd[1]: Mounting Huge Pages File System...
         Mounting Huge Pages File System...
[   38.059647] systemd[1]: Starting Monitoring of LVM2 mirrors, snapshots etc. using dmeventd or progress polling...
[   38.329014] random: nonblocking pool is initialized
         Starting Monitoring of LVM2 mirrors... dmeventd or progress polling...
[   38.444144] systemd[1]: Starting Remount Root and Kernel File Systems...
         Startin[   38.446553] EXT4-fs (sda1): re-mounted. Opts: (null)
g Remount Root and Kernel File Systems...
[   38.453933] systemd[1]: Starting Load Kernel Modules...
[   38.467865] Loading iSCSI transport class v2.0-870.
         Starting Load Kernel Modules...
[   38.473672] iscsi: registered transport (tcp)
[   38.479897] systemd[1]: Starting Uncomplicated firewall...
         Startin[   38.511390] iscsi: registered transport (iser)
g Uncomplicated firewall...
[   38.691096] systemd[1]: Mounting Debug File System...
         Mounting Debug File System...
[   38.799770] systemd[1]: Mounting POSIX Message Queue File System...
         Mounting POSIX Message Queue File System...
[   38.887707] systemd[1]: Starting Set console keymap...
         Starting Set console keymap...
[   38.947591] systemd[1]: Reached target User and Group Name Lookups.
[[0;32m  OK  [0m] Reached target User and Group Name Lookups.
[   39.012305] systemd[1]: Listening on Syslog Socket.
[[0;32m  OK  [0m] Listening on Syslog Socket.
[   39.095193] systemd[1]: Starting Journal Service...
         Starting Journal Service...
[   39.167736] systemd[1]: Starting Create list of required static device nodes for the current kernel...
         Starting Create list of required st... nodes for the current kernel...
[   39.319561] systemd[1]: Set up automount Arbitrary Executable File Formats File System Automount Point.
[[0;32m  OK  [0m] Set up automount Arbitrary Executab...ats File System Automount Point.
[   39.452574] systemd[1]: Mounted POSIX Message Queue File System.
[[0;32m  OK  [0m] Mounted POSIX Message Queue File System.
[   39.549468] systemd[1]: Mounted Debug File System.
[[0;32m  OK  [0m] Mounted Debug File System.
[   39.579741] systemd[1]: Mounted Huge Pages File System.
[[0;32m  OK  [0m] Mounted Huge Pages File System.
[   39.581363] systemd[1]: Started Journal Service.
[[0;32m  OK  [0m] Started Journal Service.
[[0;32m  OK  [0m] Started Remount Root and Kernel File Systems.
[[0;32m  OK  [0m] Started Load Kernel Modules.
[[0;32m  OK  [0m] Started Uncomplicated firewall.
[[0;32m  OK  [0m] Started Set console keymap.
[[0;32m  OK  [0m] Started Create list of required sta...ce nodes for the current kernel.
[[0;32m  OK  [0m] Started Nameserver information manager.
[[0;32m  OK  [0m] Started LVM2 metadata daemon.
         Starting Create Static Device Nodes in /dev...
         Mounting FUSE Control File System...
         Starting Apply Kernel Variables...
         Starting Load/Save Random Seed...
         Starting udev Coldplug all Devices...
         Starting Initial cloud-init job (pre-networking)...
         Starting Flush Journal to Persistent Storage...
[[0;32m  OK  [0m] Mounted FUSE Control File System.
[[0;32m  OK  [0m] Started Create Static Device Nodes in /dev.
[[0;32m  OK  [0m] Started Apply Kernel Variables.
[[0;32m  OK  [0m] Started Load/Save Random Seed.
[[0;32m  OK  [0m] Started Monitoring of LVM2 mirrors,...ng dmeventd or progress polling.
[[0;32m  OK  [0m] Started udev Coldplug all Devices.
[[0;32m  OK  [0m] Started Flush Journal to Persistent Storage.
         Starting udev Kernel Device Manager...
[[0;32m  OK  [0m] Started udev Kernel Device Manager.
[[0;32m  OK  [0m] Reached target Local File Systems (Pre).
[[0;32m  OK  [0m] Reached target Local File Systems.
         Starting Create Volatile Files and Directories...
         Starting Tell Plymouth To Write Out Runtime Data...
         Starting Set console font and keymap...
         Starting Commit a transient machine-id on disk...
         Starting LSB: AppArmor initialization...
[[0;32m  OK  [0m] Started Dispatch Password Requests to Console Directory Watch.
[[0;32m  OK  [0m] Started Create Volatile Files and Directories.
[[0;32m  OK  [0m] Started Tell Plymouth To Write Out Runtime Data.
[[0;32m  OK  [0m] Started Commit a transient machine-id on disk.
[[0;32m  OK  [0m] Found device /dev/ttyS0.
[[0;32m  OK  [0m] Reached target System Time Synchronized.
         Starting Update UTMP about System Boot/Shutdown...
[[0;32m  OK  [0m] Started Update UTMP about System Boot/Shutdown.
[[0;32m  OK  [0m] Listening on Load/Save RF Kill Switch Status /dev/rfkill Watch.
[   23.014044] cloud-init[463]: Cloud-init v. 17.1 running 'init-local' at Thu, 21 Dec 2017 16:00:39 +0000. Up 22.53 seconds.
[[0;32m  OK  [0m] Started Initial cloud-init job (pre-networking).
[[0;32m  OK  [0m] Reached target Network (Pre).
[[0;32m  OK  [0m] Started LSB: AppArmor initialization.
         Starting Raise network interfaces...
[[0;32m  OK  [0m] Started Set console font and keymap.
[[0;32m  OK  [0m] Created slice system-getty.slice.
[[0;32m  OK  [0m] Started Raise network interfaces.
         Starting Initial cloud-init job (metadata service crawler)...
[[0;32m  OK  [0m] Reached target Network.
[   26.344646] cloud-init[942]: Cloud-init v. 17.1 running 'init' at Thu, 21 Dec 2017 16:00:42 +0000. Up 25.86 seconds.
[   26.428855] cloud-init[942]: ci-info: +++++++++++++++++++++++++++++++++++++Net device info+++++++++++++++++++++++++++++++++++++
[[0;32m  OK  [0m] Started Initial cloud-init job (metadata service crawler).[   26.564367] cloud-init[942]: ci-info: +--------+------+---------------------------+---------------+-------+-------------------+
[   26.564841] cloud-init[942]: ci-info: | Device |  Up  |          Address          |      Mask     | Scope |     Hw-Address    |
[   26.564916] cloud-init[942]: ci-info: +--------+------+---------------------------+---------------+-------+-------------------+
[   26.565008] cloud-init[942]: ci-info: | enp0s3 | True |         10.0.2.15         | 255.255.255.0 |   .   | 02:44:03:e3:22:ab |
[   26.565079] cloud-init[942]: ci-info: | enp0s3 | True | fe80::44:3ff:fee3:22ab/64 |       .       |  link | 02:44:03:e3:22:ab |
[   26.565146] cloud-init[942]: ci-info: |   lo   | True |         127.0.0.1         |   255.0.0.0   |   .   |         .         |
[   26.565212] cloud-init[942]: ci-info: |   lo   | True |          ::1/128          |       .       |  host |         .         |
[   26.565279] cloud-init[942]: ci-info: +--------+------+---------------------------+---------------+-------+-------------------+
[   26.565349] cloud-init[942]: ci-info: +++++++++++++++++++++++++++Route IPv4 info++++++++++++++++++++++++++++
[   26.565417] cloud-init[942]: ci-info: +-------+-------------+----------+---------------+-----------+-------+
[   26.565508] cloud-init[942]: ci-info: | Route | Destination | Gateway  |    Genmask    | Interface | Flags |
[   26.565578] cloud-init[942]: ci-info: +-------+-------------+----------+---------------+-----------+-------+
[   26.565645] cloud-init[942]: ci-info: |   0   |   0.0.0.0   | 10.0.2.2 |    0.0.0.0    |   enp0s3  |   UG  |
[   26.565714] cloud-init[942]: ci-info: |   1   |   10.0.2.0  | 0.0.0.0  | 255.255.255.0 |   enp0s3  |   U   |
[   26.565781] cloud-init[942]: ci-info: +-------+-------------+----------+---------------+-----------+-------+
[   26.565847] cloud-init[942]: Generating public/private rsa key pair.
[   26.565914] cloud-init[942]: Your identification has been saved in /etc/ssh/ssh_host_rsa_key.
[   26.566210] cloud-init[942]: Your public key has been saved in /etc/ssh/ssh_host_rsa_key.pub.
[   26.566283] cloud-init[942]: The key fingerprint is:
[   26.566350] cloud-init[942]: SHA256:DgfYM2+yi0KaXSFsiKTIvdloPX5f4z5Pd7IqeSoAqXg root@ubuntu-xenial
[   26.566421] cloud-init[942]: The key's randomart image is:
[   26.566528] cloud-init[942]: +---[RSA 2048]----+
[   26.566601] cloud-init[942]: |                 |
[   26.566667] cloud-init[942]: | .   o           |
[   26.566733] cloud-init[942]: |*o. ..=          |
[   26.566799] cloud-init[942]: |=.+.+  =         |
[   26.566865] cloud-init[942]: | o o*oo S        |
[   26.566930] cloud-init[942]: |. E=.+.B         |
[   26.567021] cloud-init[942]: | *... o..  + ....|
[   26.567116] cloud-init[942]: |o o  o o. =.+ .o.|
[   26.567227] cloud-init[942]: |   .. o .oo*+o.  |
[   26.567375] cloud-init[942]: +----[SHA256]-----+
[   26.567507] cloud-init[942]: Generating public/private dsa key pair.
[   26.567632] cloud-init[942]: Your identification has been saved in /etc/ssh/ssh_host_dsa_key.
[   26.567746] cloud-init[942]: Your public key has been saved in /etc/ssh/ssh_host_dsa_key.pub.
[   26.567822] cloud-init[942]: The key fingerprint is:
[   26.567893] cloud-init[942]: SHA256:/a//TZ5Zk6Q4ZUum20tTMmyYW4JbLmj4u+Qiz7Tomks root@ubuntu-xenial
[   26.567996] cloud-init[942]: The key's randomart image is:
[   26.568105] cloud-init[942]: +---[DSA 1024]----+
[   26.568173] cloud-init[942]: |                 |
[   26.568240] cloud-init[942]: |                 |
[   26.568308] cloud-init[942]: |                 |
[   26.568374] cloud-init[942]: |         .. +    |
[   26.568440] cloud-init[942]: |        S..= @ o |
[   26.568530] cloud-init[942]: |      . . +.% B .|
[   26.568598] cloud-init[942]: | E   o + o *.= oo|
[   26.568663] cloud-init[942]: |. ..+.*   . =..o*|
[   26.568728] cloud-init[942]: | ++oo+.=o  ..=+++|
[   26.568794] cloud-init[942]: +----[SHA256]-----+
[   26.568859] cloud-init[942]: Generating public/private ecdsa key pair.
[   26.568926] cloud-init[942]: Your identification has been saved in /etc/ssh/ssh_host_ecdsa_key.
[[0;32m  OK  [0m] Reached target Cloud-config availability.
[[0;32m  OK  [0m] Reached target Network is Online.

[   29.217648] cloud-init[942]: Your public key has been saved in /etc/ssh/ssh_host_ecdsa_key.pub.
[   29.218668] cloud-init[942]: The key fingerprint is:
         Starting iSCSI initiator daemon (iscsid)...
[[0;32m  OK  [0m[   29.219163] ] cloud-initReached target System Initialization.[942]: 
SHA256:B6Mu6mBWQm57OUGwdQDtT4JvGeBd8qsTD8jLyhE56tA root@ubuntu-xenial
[   29.423447] cloud-init[942]: The key's randomart image is:
[   29.423759] cloud-init[942]: +---[ECDSA 256]---+
[[0;32m  OK  [0m] Started ACPI Events Check.
[   29.423896] cloud-init[942]: | ooo..           |
[   29.475952] cloud-init[942]: | .+o..           |
[[0;32m  OK  [0m] Reached target Paths.
[   29.476234] cloud-init[942]: |.o=.+   o        |
[   29.629417] cloud-init[942]: |ooo= o . o       |
[   29.630634] cloud-init[942]: |.Boo* o S .      |
         Starting Socket activation for snappy daemon.
[   29.631032] cloud-init[942]: |o+**o+   .       |
[   29.734179] cloud-init[942]: |==E+* .          |
[[0;32m  OK  [0m] Listening on ACPID Listen Socket.
[[   29.734546] cloud-init[942]: |*+o+.o           |
[   29.857719] cloud-init[942]: |o+o .            |
[0;32m  OK  [0m] Started Timer to automatically refresh installed snaps.
[   29.858065] cloud-init[942]: +----[SHA256]-----+
[   30.021145] cloud-init[942]: Generating public/private ed25519 key pair.
[[0;32m  OK  [0m] Listening on D-Bus System Message Bus Socket.
[   30.021249] cloud-init[942]: Your identification has been saved in /etc/ssh/ssh_host_ed25519_key.
[   30.186025] cloud-init[942]: Your public key has been saved in /etc/ssh/ssh_host_ed25519_key.pub.
[[0;32m  OK  [0m] Listening on UUID daemon activation socket.
[   30.186372] cloud-init[942]: The key fingerprint is:
[   30.342652] cloud-init[942]: SHA256:XlJmBTO/xWux3IU6FqU4KIn4kU3yiv9a4FGSNj3fDJU root@ubuntu-xenial
[[0;32m  OK  [0m] Started Daily apt download activities.
[   30.342996] cloud-init[942]: The key's randomart image is:
[   30.514295] cloud-init[942]: +--[ED25519 256]--+
[[0;32m  OK  [0m] Started Daily apt upgrade and clean activities.
[   30.514655] cloud-init[942]: |    . .   =o. .  |
[   30.669847] cloud-init[942]: |   . X . oE* + . |
[[0;32m  OK  [0m] Started Daily Cleanup of Temporary Directories.
[   30.670225] cloud-init[942]: |  . O O o * + = .|
[   30.797274] cloud-init[942]: |   + * + B . * =.|
[[0;32m  OK  [0m] Reached target Timers.
[   30.797444] cloud-init[942]: |  . =   S + = = .|
[   30.957128] cloud-init[942]: |   o o . o . o   |
[   30.958156] cloud-init[942]: |    o . .        |
         Starting LXD - unix socket.
[   30.958631] cloud-init[942]: |     o           |
[   31.112719] cloud-init[942]: |    ...          |
[   31.113118] cloud-init[942]: +----[SHA256]-----+
[[0;32m  OK  [0m] Listening on Socket activation for snappy daemon.
[[0;32m  OK  [0m] Listening on LXD - unix socket.
[[0;32m  OK  [0m] Started iSCSI initiator daemon (iscsid).
         Starting Login to default iSCSI targets...
[[0;32m  OK  [0m] Reached target Sockets.
[[0;32m  OK  [0m] Reached target Basic System.
         Starting LSB: MD monitoring daemon...
[[0;32m  OK  [0m] Started FUSE filesystem for LXC.
         Starting Login Service...
         Starting System Logging Service...
[[0;32m  OK  [0m] Started Unattended Upgrades Shutdown.
         Starting Accounts Service...
[[0;32m  OK  [0m] Started Deferred execution scheduler.
[[0;32m  OK  [0m] Started D-Bus System Message Bus.
         Starting LXD - container startup/shutdown...
         Starting LSB: Record successful boot for GRUB...
[[0;32m  OK  [0m] Started ACPI event daemon.
         Starting Apply the settings specified in cloud-config...
         Starting Pollinate to seed the pseudo random number generator...
         Starting /etc/rc.local Compatibility...
[[0;32m  OK  [0m] Started Regular background program processing daemon.
         Starting Snappy daemon...
[[0;32m  OK  [0m] Started System Logging Service.
[[0;32m  OK  [0m] Started LXD - container startup/shutdown.
[[0;32m  OK  [0m] Started /etc/rc.local Compatibility.
[[0;32m  OK  [0m] Started LSB: MD monitoring daemon.
[[0;32m  OK  [0m] Started Snappy daemon.
[[0;32m  OK  [0m] Started Login to default iSCSI targets.
[[0;32m  OK  [0m] Started Pollinate to seed the pseudo random number generator.
[   32.337307] cloud-init[1084]: Generating locales (this might take a while)...
[[0;32m  OK  [0m] Started LSB: Record successful boot for GRUB.
[[0;32m  OK  [0m] Started Login Service.
         Starting Authenticate and Authorize Users to Run Privileged Tasks...
         Starting OpenBSD Secure Shell server...
[[0;32m  OK  [0m] Reached target Remote File Systems (Pre).
[[0;32m  OK  [0m] Reached target Remote File Systems.
         Starting LSB: automatic crash report generation...
         Starting LSB: Set the CPU Frequency Scaling governor to "ondemand"...
         Starting LSB: daemon to balance interrupts for SMP systems...
         Starting Permit User Sessions...
         Starting LSB: VirtualBox Linux Additions...
[[0;32m  OK  [0m] Started OpenBSD Secure Shell server.
[[0;32m  OK  [0m] Started Permit User Sessions.
[[0;32m  OK  [0m] Started Authenticate and Authorize Users to Run Privileged Tasks.
[[0;32m  OK  [0m] Started Accounts Service.
[   33.003393] cloud-init[1084]:   en_US.UTF-8... done
[[0;32m  OK  [0m] Started LSB: Set the CPU Frequency Scaling governor to "ondemand".
[   33.189081] cloud-init[1084]: Generation complete.
[[0;32m  OK  [0m] Started LSB: automatic crash report generation.
[[0;32m  OK  [0m] Started LSB: daemon to balance interrupts for SMP systems.
         Starting Terminate Plymouth Boot Screen...
         Starting Hold until boot process finishes up...
[[0;32m  OK  [0m] Started LSB: VirtualBox Linux Additions.
[[0;32m  OK  [0m] Started Terminate Plymouth Boot Screen.
[[0;32m  OK  [0m] Started Hold until boot process finishes up.
         Stopping OpenBSD Secure Shell server...
[[0;32m  OK  [0m] Started Serial Getty on ttyS0.
         Starting Set console scheme...
[[0;32m  OK  [0m] Started Getty on tty1.
[[0;32m  OK  [0m] Reached target Login Prompts.
[[0;32m  OK  [0m] Stopped OpenBSD Secure Shell server.
[[0;32m  OK  [0m] Started Set console scheme.
         Starting OpenBSD Secure Shell server...
[[0;32m  OK  [0m] Started OpenBSD Secure Shell server.
[[0;32m  OK  [0m] Reached target Multi-User System.
[[0;32m  OK  [0m] Reached target Graphical Interface.
         Starting Update UTMP about System Runlevel Changes...
[[0;32m  OK  [0m] Started Update UTMP about System Runlevel Changes.
[   34.277792] cloud-init[1084]: Cloud-init v. 17.1 running 'modules:config' at Thu, 21 Dec 2017 16:00:48 +0000. Up 32.22 seconds.
[[0;32m  OK  [0m] Started Apply the settings specified in cloud-config.
         Starting Execute cloud user/final scripts...
ci-info: no authorized ssh keys fingerprints found for user ubuntu.
<14>Dec 21 16:00:51 ec2: 
<14>Dec 21 16:00:51 ec2: #############################################################
<14>Dec 21 16:00:51 ec2: -----BEGIN SSH HOST KEY FINGERPRINTS-----
<14>Dec 21 16:00:51 ec2: 1024 SHA256:/a//TZ5Zk6Q4ZUum20tTMmyYW4JbLmj4u+Qiz7Tomks root@ubuntu-xenial (DSA)
<14>Dec 21 16:00:51 ec2: 256 SHA256:B6Mu6mBWQm57OUGwdQDtT4JvGeBd8qsTD8jLyhE56tA root@ubuntu-xenial (ECDSA)
<14>Dec 21 16:00:51 ec2: 256 SHA256:XlJmBTO/xWux3IU6FqU4KIn4kU3yiv9a4FGSNj3fDJU root@ubuntu-xenial (ED25519)
<14>Dec 21 16:00:51 ec2: 2048 SHA256:DgfYM2+yi0KaXSFsiKTIvdloPX5f4z5Pd7IqeSoAqXg root@ubuntu-xenial (RSA)
<14>Dec 21 16:00:51 ec2: -----END SSH HOST KEY FINGERPRINTS-----
<14>Dec 21 16:00:51 ec2: #############################################################
-----BEGIN SSH HOST KEY KEYS-----
ecdsa-sha2-nistp256 AAAAE2VjZHNhLXNoYTItbmlzdHAyNTYAAAAIbmlzdHAyNTYAAABBBE1WE65ULVSQzpYht7plUY+cYLxbjEvVQSdBfTLEzHMQdfXldcJm5BOArOtZaj3+tSg5QA25qF885SqfOGu2/qg= root@ubuntu-xenial
ssh-ed25519 AAAAC3NzaC1lZDI1NTE5AAAAIAtDr+UUU87zX7rDygd6Jgsk45PPYtg/R+aguOfK+w3e root@ubuntu-xenial
ssh-rsa AAAAB3NzaC1yc2EAAAADAQABAAABAQC8bumUt5CkIsVz7tc+2fW17TK9JpbiPbJQMajuC6IqriXjASsFpo3h6eA+GMN7/W0BR6uQ2zD/gHx9MGFGZM0D8WghYFgyhpT7WWXsSh3Um/3QKoACKhWC2nIie71EjxCp9OFxrwtw7KFIlUuE89dAXz2b4+z3NTJcQD2RkQ+2VzgLBUvIfxgIOyBdCfInMicvkMYctaJyulr5Jnee6DfE/Su9nP5kJr1aGFPtQwcz38JIHQp80ZdJoMpeWObhyHxdWbvzmw+kurfSPBFwUzDQTqH86uzfw3lLEc8Sbj4UguYqrpgzLV8fyfoArBIPjTI4ic4Fu1aI7FFXvD9b0n0R root@ubuntu-xenial
-----END SSH HOST KEY KEYS-----
[   35.703461] cloud-init[1304]: Cloud-init v. 17.1 running 'modules:final' at Thu, 21 Dec 2017 16:00:51 +0000. Up 34.55 seconds.
[   35.788587] cloud-init[1304]: ci-info: no authorized ssh keys fingerprints found for user ubuntu.
[   35.788841] cloud-init[1304]: Cloud-init v. 17.1 finished at Thu, 21 Dec 2017 16:00:52 +0000. Datasource DataSourceNoCloud [seed=/dev/sdb][dsmode=net].  Up 35.69 seconds
[[0;32m  OK  [0m] Started Execute cloud user/final scripts.
[[0;32m  OK  [0m] Reached target Cloud-init target.

Ubuntu 16.04.3 LTS ubuntu-xenial ttyS0

ubuntu-xenial login: 